[0.064s] [34mcolcon[0m [1;30mDEBUG[0m [32mCommand line arguments: ['/usr/bin/colcon', 'build'][0m
[0.064s] [34mcolcon[0m [1;30mDEBUG[0m [32mParsed command line arguments: Namespace(log_base=None, log_level=None, verb_name='build', build_base='build', install_base='install', merge_install=False, symlink_install=False, test_result_base=None, continue_on_error=False, executor='parallel', parallel_workers=32, event_handlers=None, ignore_user_meta=False, metas=['./colcon.meta'], base_paths=['.'], packages_ignore=None, packages_ignore_regex=None, paths=None, packages_up_to=None, packages_up_to_regex=None, packages_above=None, packages_above_and_dependencies=None, packages_above_depth=None, packages_select_by_dep=None, packages_skip_by_dep=None, packages_skip_up_to=None, packages_select_build_failed=False, packages_skip_build_finished=False, packages_select_test_failures=False, packages_skip_test_passed=False, packages_select=None, packages_skip=None, packages_select_regex=None, packages_skip_regex=None, packages_start=None, packages_end=None, allow_overriding=[], cmake_args=None, cmake_target=None, cmake_target_skip_unavailable=False, cmake_clean_cache=False, cmake_clean_first=False, cmake_force_configure=False, ament_cmake_args=None, catkin_cmake_args=None, catkin_skip_building_tests=False, mixin_files=None, mixin=None, verb_parser=<colcon_mixin.mixin.mixin_argument.MixinArgumentDecorator object at 0x755cc741cfd0>, verb_extension=<colcon_core.verb.build.BuildVerb object at 0x755cc741c5b0>, main=<bound method BuildVerb.main of <colcon_core.verb.build.BuildVerb object at 0x755cc741c5b0>>, mixin_verb=('build',))[0m
[0.162s] [34mcolcon.colcon_core.package_discovery[0m [1;30mLevel 1[0m discover_packages(colcon_meta) check parameters
[0.162s] [34mcolcon.colcon_core.package_discovery[0m [1;30mLevel 1[0m discover_packages(recursive) check parameters
[0.162s] [34mcolcon.colcon_core.package_discovery[0m [1;30mLevel 1[0m discover_packages(ignore) check parameters
[0.162s] [34mcolcon.colcon_core.package_discovery[0m [1;30mLevel 1[0m discover_packages(path) check parameters
[0.162s] [34mcolcon.colcon_core.package_discovery[0m [1;30mLevel 1[0m discover_packages(colcon_meta) discover
[0.162s] [34mcolcon.colcon_core.package_discovery[0m [1;30mLevel 1[0m discover_packages(recursive) discover
[0.162s] [34mcolcon.colcon_core.package_discovery[0m [1;30mINFO[0m Crawling recursively for packages in '/home/ohheemin/ros2_ws/src/rplidar_camera_calibration'
[0.162s] [34mcolcon.colcon_core.package_identification[0m [1;30mLevel 1[0m _identify(.) by extensions ['ignore', 'ignore_ament_install']
[0.162s] [34mcolcon.colcon_core.package_identification[0m [1;30mLevel 1[0m _identify(.) by extension 'ignore'
[0.162s] [34mcolcon.colcon_core.package_identification[0m [1;30mLevel 1[0m _identify(.) by extension 'ignore_ament_install'
[0.162s] [34mcolcon.colcon_core.package_identification[0m [1;30mLevel 1[0m _identify(.) by extensions ['colcon_pkg']
[0.162s] [34mcolcon.colcon_core.package_identification[0m [1;30mLevel 1[0m _identify(.) by extension 'colcon_pkg'
[0.162s] [34mcolcon.colcon_core.package_identification[0m [1;30mLevel 1[0m _identify(.) by extensions ['colcon_meta']
[0.162s] [34mcolcon.colcon_core.package_identification[0m [1;30mLevel 1[0m _identify(.) by extension 'colcon_meta'
[0.162s] [34mcolcon.colcon_core.package_identification[0m [1;30mLevel 1[0m _identify(.) by extensions ['ros']
[0.162s] [34mcolcon.colcon_core.package_identification[0m [1;30mLevel 1[0m _identify(.) by extension 'ros'
[0.173s] [34mcolcon.colcon_core.package_identification[0m [1;30mDEBUG[0m [32mPackage '.' with type 'ros.ament_cmake' and name 'rplidar_camera_calibration'[0m
[0.173s] [34mcolcon.colcon_core.package_discovery[0m [1;30mLevel 1[0m discover_packages(recursive) using defaults
[0.173s] [34mcolcon.colcon_core.package_discovery[0m [1;30mLevel 1[0m discover_packages(ignore) discover
[0.173s] [34mcolcon.colcon_core.package_discovery[0m [1;30mLevel 1[0m discover_packages(ignore) using defaults
[0.173s] [34mcolcon.colcon_core.package_discovery[0m [1;30mLevel 1[0m discover_packages(path) discover
[0.173s] [34mcolcon.colcon_core.package_discovery[0m [1;30mLevel 1[0m discover_packages(path) using defaults
[0.181s] [34mcolcon.colcon_core.package_discovery[0m [1;30mLevel 1[0m discover_packages(prefix_path) check parameters
[0.181s] [34mcolcon.colcon_core.package_discovery[0m [1;30mLevel 1[0m discover_packages(prefix_path) discover
[0.182s] [34mcolcon.colcon_installed_package_information.package_discovery[0m [1;30mDEBUG[0m [32mFound 286 installed packages in /opt/ros/humble[0m
[0.183s] [34mcolcon.colcon_core.package_discovery[0m [1;30mLevel 1[0m discover_packages(prefix_path) using defaults
[0.200s] [34mcolcon.colcon_core.verb[0m [1;30mLevel 5[0m set package 'rplidar_camera_calibration' build argument 'cmake_args' from command line to 'None'
[0.200s] [34mcolcon.colcon_core.verb[0m [1;30mLevel 5[0m set package 'rplidar_camera_calibration' build argument 'cmake_target' from command line to 'None'
[0.200s] [34mcolcon.colcon_core.verb[0m [1;30mLevel 5[0m set package 'rplidar_camera_calibration' build argument 'cmake_target_skip_unavailable' from command line to 'False'
[0.200s] [34mcolcon.colcon_core.verb[0m [1;30mLevel 5[0m set package 'rplidar_camera_calibration' build argument 'cmake_clean_cache' from command line to 'False'
[0.200s] [34mcolcon.colcon_core.verb[0m [1;30mLevel 5[0m set package 'rplidar_camera_calibration' build argument 'cmake_clean_first' from command line to 'False'
[0.200s] [34mcolcon.colcon_core.verb[0m [1;30mLevel 5[0m set package 'rplidar_camera_calibration' build argument 'cmake_force_configure' from command line to 'False'
[0.200s] [34mcolcon.colcon_core.verb[0m [1;30mLevel 5[0m set package 'rplidar_camera_calibration' build argument 'ament_cmake_args' from command line to 'None'
[0.200s] [34mcolcon.colcon_core.verb[0m [1;30mLevel 5[0m set package 'rplidar_camera_calibration' build argument 'catkin_cmake_args' from command line to 'None'
[0.200s] [34mcolcon.colcon_core.verb[0m [1;30mLevel 5[0m set package 'rplidar_camera_calibration' build argument 'catkin_skip_building_tests' from command line to 'False'
[0.200s] [34mcolcon.colcon_core.verb[0m [1;30mDEBUG[0m [32mBuilding package 'rplidar_camera_calibration' with the following arguments: {'ament_cmake_args': None, 'build_base': '/home/ohheemin/ros2_ws/src/rplidar_camera_calibration/build/rplidar_camera_calibration', 'catkin_cmake_args': None, 'catkin_skip_building_tests': False, 'cmake_args': None, 'cmake_clean_cache': False, 'cmake_clean_first': False, 'cmake_force_configure': False, 'cmake_target': None, 'cmake_target_skip_unavailable': False, 'install_base': '/home/ohheemin/ros2_ws/src/rplidar_camera_calibration/install/rplidar_camera_calibration', 'merge_install': False, 'path': '/home/ohheemin/ros2_ws/src/rplidar_camera_calibration', 'symlink_install': False, 'test_result_base': None}[0m
[0.200s] [34mcolcon.colcon_core.executor[0m [1;30mINFO[0m Executing jobs using 'parallel' executor
[0.201s] [34mcolcon.colcon_parallel_executor.executor.parallel[0m [1;30mDEBUG[0m [32mrun_until_complete[0m
[0.201s] [34mcolcon.colcon_ros.task.ament_cmake.build[0m [1;30mINFO[0m Building ROS package in '/home/ohheemin/ros2_ws/src/rplidar_camera_calibration' with build type 'ament_cmake'
[0.201s] [34mcolcon.colcon_cmake.task.cmake.build[0m [1;30mINFO[0m Building CMake package in '/home/ohheemin/ros2_ws/src/rplidar_camera_calibration'
[0.202s] [34mcolcon.colcon_core.plugin_system[0m [1;30mINFO[0m Skipping extension 'colcon_core.shell.bat': Not used on non-Windows systems
[0.202s] [34mcolcon.colcon_core.shell[0m [1;30mINFO[0m Skip shell extension 'powershell' for command environment: Not usable outside of PowerShell
[0.202s] [34mcolcon.colcon_core.shell[0m [1;30mDEBUG[0m [32mSkip shell extension 'dsv' for command environment[0m
[0.207s] [34mcolcon.colcon_core.event_handler.log_command[0m [1;30mDEBUG[0m [32mInvoking command in '/home/ohheemin/ros2_ws/src/rplidar_camera_calibration/build/rplidar_camera_calibration': CMAKE_PREFIX_PATH=/opt/ros/humble /usr/bin/cmake /home/ohheemin/ros2_ws/src/rplidar_camera_calibration -DCMAKE_INSTALL_PREFIX=/home/ohheemin/ros2_ws/src/rplidar_camera_calibration/install/rplidar_camera_calibration[0m
[1.012s] [34mcolcon.colcon_core.event_handler.log_command[0m [1;30mDEBUG[0m [32mInvoked command in '/home/ohheemin/ros2_ws/src/rplidar_camera_calibration/build/rplidar_camera_calibration' returned '0': CMAKE_PREFIX_PATH=/opt/ros/humble /usr/bin/cmake /home/ohheemin/ros2_ws/src/rplidar_camera_calibration -DCMAKE_INSTALL_PREFIX=/home/ohheemin/ros2_ws/src/rplidar_camera_calibration/install/rplidar_camera_calibration[0m
[1.013s] [34mcolcon.colcon_core.event_handler.log_command[0m [1;30mDEBUG[0m [32mInvoking command in '/home/ohheemin/ros2_ws/src/rplidar_camera_calibration/build/rplidar_camera_calibration': CMAKE_PREFIX_PATH=/opt/ros/humble /usr/bin/cmake --build /home/ohheemin/ros2_ws/src/rplidar_camera_calibration/build/rplidar_camera_calibration -- -j32 -l32[0m
[1.046s] [34mcolcon.colcon_core.event_handler.log_command[0m [1;30mDEBUG[0m [32mInvoked command in '/home/ohheemin/ros2_ws/src/rplidar_camera_calibration/build/rplidar_camera_calibration' returned '0': CMAKE_PREFIX_PATH=/opt/ros/humble /usr/bin/cmake --build /home/ohheemin/ros2_ws/src/rplidar_camera_calibration/build/rplidar_camera_calibration -- -j32 -l32[0m
[1.054s] [34mcolcon.colcon_core.event_handler.log_command[0m [1;30mDEBUG[0m [32mInvoking command in '/home/ohheemin/ros2_ws/src/rplidar_camera_calibration/build/rplidar_camera_calibration': CMAKE_PREFIX_PATH=/opt/ros/humble /usr/bin/cmake --install /home/ohheemin/ros2_ws/src/rplidar_camera_calibration/build/rplidar_camera_calibration[0m
[1.064s] [34mcolcon.colcon_core.environment[0m [1;30mLevel 1[0m create_environment_scripts_only(rplidar_camera_calibration)
[1.065s] [34mcolcon.colcon_core.event_handler.log_command[0m [1;30mDEBUG[0m [32mInvoked command in '/home/ohheemin/ros2_ws/src/rplidar_camera_calibration/build/rplidar_camera_calibration' returned '0': CMAKE_PREFIX_PATH=/opt/ros/humble /usr/bin/cmake --install /home/ohheemin/ros2_ws/src/rplidar_camera_calibration/build/rplidar_camera_calibration[0m
[1.066s] [34mcolcon.colcon_core.environment[0m [1;30mLevel 1[0m checking '/home/ohheemin/ros2_ws/src/rplidar_camera_calibration/install/rplidar_camera_calibration' for CMake module files
[1.067s] [34mcolcon.colcon_core.environment[0m [1;30mLevel 1[0m checking '/home/ohheemin/ros2_ws/src/rplidar_camera_calibration/install/rplidar_camera_calibration' for CMake config files
[1.067s] [34mcolcon.colcon_core.shell[0m [1;30mLevel 1[0m create_environment_hook('rplidar_camera_calibration', 'cmake_prefix_path')
[1.067s] [34mcolcon.colcon_core.shell[0m [1;30mINFO[0m Creating environment hook '/home/ohheemin/ros2_ws/src/rplidar_camera_calibration/install/rplidar_camera_calibration/share/rplidar_camera_calibration/hook/cmake_prefix_path.ps1'
[1.067s] [34mcolcon.colcon_core.shell[0m [1;30mINFO[0m Creating environment descriptor '/home/ohheemin/ros2_ws/src/rplidar_camera_calibration/install/rplidar_camera_calibration/share/rplidar_camera_calibration/hook/cmake_prefix_path.dsv'
[1.068s] [34mcolcon.colcon_core.shell[0m [1;30mINFO[0m Creating environment hook '/home/ohheemin/ros2_ws/src/rplidar_camera_calibration/install/rplidar_camera_calibration/share/rplidar_camera_calibration/hook/cmake_prefix_path.sh'
[1.068s] [34mcolcon.colcon_core.environment[0m [1;30mLevel 1[0m checking '/home/ohheemin/ros2_ws/src/rplidar_camera_calibration/install/rplidar_camera_calibration/lib'
[1.068s] [34mcolcon.colcon_core.environment[0m [1;30mLevel 1[0m checking '/home/ohheemin/ros2_ws/src/rplidar_camera_calibration/install/rplidar_camera_calibration/bin'
[1.068s] [34mcolcon.colcon_core.environment[0m [1;30mLevel 1[0m checking '/home/ohheemin/ros2_ws/src/rplidar_camera_calibration/install/rplidar_camera_calibration/lib/pkgconfig/rplidar_camera_calibration.pc'
[1.068s] [34mcolcon.colcon_core.environment[0m [1;30mLevel 1[0m checking '/home/ohheemin/ros2_ws/src/rplidar_camera_calibration/install/rplidar_camera_calibration/lib/python3.10/site-packages'
[1.069s] [34mcolcon.colcon_core.environment[0m [1;30mLevel 1[0m checking '/home/ohheemin/ros2_ws/src/rplidar_camera_calibration/install/rplidar_camera_calibration/bin'
[1.069s] [34mcolcon.colcon_core.shell[0m [1;30mINFO[0m Creating package script '/home/ohheemin/ros2_ws/src/rplidar_camera_calibration/install/rplidar_camera_calibration/share/rplidar_camera_calibration/package.ps1'
[1.069s] [34mcolcon.colcon_core.shell[0m [1;30mINFO[0m Creating package descriptor '/home/ohheemin/ros2_ws/src/rplidar_camera_calibration/install/rplidar_camera_calibration/share/rplidar_camera_calibration/package.dsv'
[1.069s] [34mcolcon.colcon_core.shell[0m [1;30mINFO[0m Creating package script '/home/ohheemin/ros2_ws/src/rplidar_camera_calibration/install/rplidar_camera_calibration/share/rplidar_camera_calibration/package.sh'
[1.070s] [34mcolcon.colcon_core.shell[0m [1;30mINFO[0m Creating package script '/home/ohheemin/ros2_ws/src/rplidar_camera_calibration/install/rplidar_camera_calibration/share/rplidar_camera_calibration/package.bash'
[1.070s] [34mcolcon.colcon_core.shell[0m [1;30mINFO[0m Creating package script '/home/ohheemin/ros2_ws/src/rplidar_camera_calibration/install/rplidar_camera_calibration/share/rplidar_camera_calibration/package.zsh'
[1.071s] [34mcolcon.colcon_core.environment[0m [1;30mLevel 1[0m create_file_with_runtime_dependencies(/home/ohheemin/ros2_ws/src/rplidar_camera_calibration/install/rplidar_camera_calibration/share/colcon-core/packages/rplidar_camera_calibration)
[1.071s] [34mcolcon.colcon_core.environment[0m [1;30mLevel 1[0m create_environment_scripts_only(rplidar_camera_calibration)
[1.071s] [34mcolcon.colcon_core.environment[0m [1;30mLevel 1[0m checking '/home/ohheemin/ros2_ws/src/rplidar_camera_calibration/install/rplidar_camera_calibration' for CMake module files
[1.071s] [34mcolcon.colcon_core.environment[0m [1;30mLevel 1[0m checking '/home/ohheemin/ros2_ws/src/rplidar_camera_calibration/install/rplidar_camera_calibration' for CMake config files
[1.071s] [34mcolcon.colcon_core.shell[0m [1;30mLevel 1[0m create_environment_hook('rplidar_camera_calibration', 'cmake_prefix_path')
[1.072s] [34mcolcon.colcon_core.shell[0m [1;30mINFO[0m Creating environment hook '/home/ohheemin/ros2_ws/src/rplidar_camera_calibration/install/rplidar_camera_calibration/share/rplidar_camera_calibration/hook/cmake_prefix_path.ps1'
[1.072s] [34mcolcon.colcon_core.shell[0m [1;30mINFO[0m Creating environment descriptor '/home/ohheemin/ros2_ws/src/rplidar_camera_calibration/install/rplidar_camera_calibration/share/rplidar_camera_calibration/hook/cmake_prefix_path.dsv'
[1.072s] [34mcolcon.colcon_core.shell[0m [1;30mINFO[0m Creating environment hook '/home/ohheemin/ros2_ws/src/rplidar_camera_calibration/install/rplidar_camera_calibration/share/rplidar_camera_calibration/hook/cmake_prefix_path.sh'
[1.072s] [34mcolcon.colcon_core.environment[0m [1;30mLevel 1[0m checking '/home/ohheemin/ros2_ws/src/rplidar_camera_calibration/install/rplidar_camera_calibration/lib'
[1.072s] [34mcolcon.colcon_core.environment[0m [1;30mLevel 1[0m checking '/home/ohheemin/ros2_ws/src/rplidar_camera_calibration/install/rplidar_camera_calibration/bin'
[1.072s] [34mcolcon.colcon_core.environment[0m [1;30mLevel 1[0m checking '/home/ohheemin/ros2_ws/src/rplidar_camera_calibration/install/rplidar_camera_calibration/lib/pkgconfig/rplidar_camera_calibration.pc'
[1.072s] [34mcolcon.colcon_core.environment[0m [1;30mLevel 1[0m checking '/home/ohheemin/ros2_ws/src/rplidar_camera_calibration/install/rplidar_camera_calibration/lib/python3.10/site-packages'
[1.072s] [34mcolcon.colcon_core.environment[0m [1;30mLevel 1[0m checking '/home/ohheemin/ros2_ws/src/rplidar_camera_calibration/install/rplidar_camera_calibration/bin'
[1.073s] [34mcolcon.colcon_core.shell[0m [1;30mINFO[0m Creating package script '/home/ohheemin/ros2_ws/src/rplidar_camera_calibration/install/rplidar_camera_calibration/share/rplidar_camera_calibration/package.ps1'
[1.073s] [34mcolcon.colcon_core.shell[0m [1;30mINFO[0m Creating package descriptor '/home/ohheemin/ros2_ws/src/rplidar_camera_calibration/install/rplidar_camera_calibration/share/rplidar_camera_calibration/package.dsv'
[1.073s] [34mcolcon.colcon_core.shell[0m [1;30mINFO[0m Creating package script '/home/ohheemin/ros2_ws/src/rplidar_camera_calibration/install/rplidar_camera_calibration/share/rplidar_camera_calibration/package.sh'
[1.073s] [34mcolcon.colcon_core.shell[0m [1;30mINFO[0m Creating package script '/home/ohheemin/ros2_ws/src/rplidar_camera_calibration/install/rplidar_camera_calibration/share/rplidar_camera_calibration/package.bash'
[1.073s] [34mcolcon.colcon_core.shell[0m [1;30mINFO[0m Creating package script '/home/ohheemin/ros2_ws/src/rplidar_camera_calibration/install/rplidar_camera_calibration/share/rplidar_camera_calibration/package.zsh'
[1.074s] [34mcolcon.colcon_core.environment[0m [1;30mLevel 1[0m create_file_with_runtime_dependencies(/home/ohheemin/ros2_ws/src/rplidar_camera_calibration/install/rplidar_camera_calibration/share/colcon-core/packages/rplidar_camera_calibration)
[1.074s] [34mcolcon.colcon_parallel_executor.executor.parallel[0m [1;30mDEBUG[0m [32mclosing loop[0m
[1.074s] [34mcolcon.colcon_parallel_executor.executor.parallel[0m [1;30mDEBUG[0m [32mloop closed[0m
[1.074s] [34mcolcon.colcon_parallel_executor.executor.parallel[0m [1;30mDEBUG[0m [32mrun_until_complete finished with '0'[0m
[1.074s] [34mcolcon.colcon_core.event_reactor[0m [1;30mDEBUG[0m [32mjoining thread[0m
[1.079s] [34mcolcon.colcon_core.plugin_system[0m [1;30mINFO[0m Skipping extension 'colcon_notification.desktop_notification.terminal_notifier': Not used on non-Darwin systems
[1.079s] [34mcolcon.colcon_core.plugin_system[0m [1;30mINFO[0m Skipping extension 'colcon_notification.desktop_notification.win32': Not used on non-Windows systems
[1.079s] [34mcolcon.colcon_notification.desktop_notification[0m [1;30mINFO[0m Sending desktop notification using 'notify2'
[1.085s] [34mcolcon.colcon_core.event_reactor[0m [1;30mDEBUG[0m [32mjoined thread[0m
[1.085s] [34mcolcon.colcon_core.shell[0m [1;30mINFO[0m Creating prefix script '/home/ohheemin/ros2_ws/src/rplidar_camera_calibration/install/local_setup.ps1'
[1.086s] [34mcolcon.colcon_core.shell[0m [1;30mINFO[0m Creating prefix util module '/home/ohheemin/ros2_ws/src/rplidar_camera_calibration/install/_local_setup_util_ps1.py'
[1.086s] [34mcolcon.colcon_core.shell[0m [1;30mINFO[0m Creating prefix chain script '/home/ohheemin/ros2_ws/src/rplidar_camera_calibration/install/setup.ps1'
[1.087s] [34mcolcon.colcon_core.shell[0m [1;30mINFO[0m Creating prefix script '/home/ohheemin/ros2_ws/src/rplidar_camera_calibration/install/local_setup.sh'
[1.087s] [34mcolcon.colcon_core.shell[0m [1;30mINFO[0m Creating prefix util module '/home/ohheemin/ros2_ws/src/rplidar_camera_calibration/install/_local_setup_util_sh.py'
[1.088s] [34mcolcon.colcon_core.shell[0m [1;30mINFO[0m Creating prefix chain script '/home/ohheemin/ros2_ws/src/rplidar_camera_calibration/install/setup.sh'
[1.088s] [34mcolcon.colcon_core.shell[0m [1;30mINFO[0m Creating prefix script '/home/ohheemin/ros2_ws/src/rplidar_camera_calibration/install/local_setup.bash'
[1.088s] [34mcolcon.colcon_core.shell[0m [1;30mINFO[0m Creating prefix chain script '/home/ohheemin/ros2_ws/src/rplidar_camera_calibration/install/setup.bash'
[1.089s] [34mcolcon.colcon_core.shell[0m [1;30mINFO[0m Creating prefix script '/home/ohheemin/ros2_ws/src/rplidar_camera_calibration/install/local_setup.zsh'
[1.089s] [34mcolcon.colcon_core.shell[0m [1;30mINFO[0m Creating prefix chain script '/home/ohheemin/ros2_ws/src/rplidar_camera_calibration/install/setup.zsh'
