-- Found ament_cmake: 1.3.11 (/opt/ros/humble/share/ament_cmake/cmake)
-- Found rclpy: 3.3.15 (/opt/ros/humble/share/rclpy/cmake)
-- Found sensor_msgs: 4.2.4 (/opt/ros/humble/share/sensor_msgs/cmake)
-- Found rosidl_generator_c: 3.1.6 (/opt/ros/humble/share/rosidl_generator_c/cmake)
-- Found rosidl_adapter: 3.1.6 (/opt/ros/humble/share/rosidl_adapter/cmake)
-- Found rosidl_generator_cpp: 3.1.6 (/opt/ros/humble/share/rosidl_generator_cpp/cmake)
-- Using all available rosidl_typesupport_c: rosidl_typesupport_fastrtps_c;rosidl_typesupport_introspection_c
-- Using all available rosidl_typesupport_cpp: rosidl_typesupport_fastrtps_cpp;rosidl_typesupport_introspection_cpp
[31mCMake Error at CMakeLists.txt:9 (find_package):
  By not providing "Findcv_bridge.cmake" in CMAKE_MODULE_PATH this project
  has asked CMake to find a package configuration file provided by
  "cv_bridge", but CMake did not find one.

  Could not find a package configuration file provided by "cv_bridge" with
  any of the following names:

    cv_bridgeConfig.cmake
    cv_bridge-config.cmake

  Add the installation prefix of "cv_bridge" to CMAKE_PREFIX_PATH or set
  "cv_bridge_DIR" to a directory containing one of the above files.  If
  "cv_bridge" provides a separate development package or SDK, be sure it has
  been installed.

[0m
-- Configuring incomplete, errors occurred!
See also "/home/ohheemin/ros2_ws/src/rplidar_camera_calibration/build/rplidar_camera_calibration/CMakeFiles/CMakeOutput.log".
gmake: *** [Makefile:226: cmake_check_build_system] 오류 1
