[0.006s] Invoking command in '/home/ohheemin/ros2_ws/src/rplidar_camera_calibration/build/rplidar_camera_calibration': CMAKE_PREFIX_PATH=/opt/ros/humble /usr/bin/cmake --build /home/ohheemin/ros2_ws/src/rplidar_camera_calibration/build/rplidar_camera_calibration -- -j32 -l32
[0.025s] -- Found ament_cmake: 1.3.11 (/opt/ros/humble/share/ament_cmake/cmake)
[0.102s] -- Found rclpy: 3.3.15 (/opt/ros/humble/share/rclpy/cmake)
[0.102s] -- Found sensor_msgs: 4.2.4 (/opt/ros/humble/share/sensor_msgs/cmake)
[0.115s] -- Found rosidl_generator_c: 3.1.6 (/opt/ros/humble/share/rosidl_generator_c/cmake)
[0.117s] -- Found rosidl_adapter: 3.1.6 (/opt/ros/humble/share/rosidl_adapter/cmake)
[0.120s] -- Found rosidl_generator_cpp: 3.1.6 (/opt/ros/humble/share/rosidl_generator_cpp/cmake)
[0.125s] -- Using all available rosidl_typesupport_c: rosidl_typesupport_fastrtps_c;rosidl_typesupport_introspection_c
[0.131s] -- Using all available rosidl_typesupport_cpp: rosidl_typesupport_fastrtps_cpp;rosidl_typesupport_introspection_cpp
[0.164s] [31mCMake Error at CMakeLists.txt:9 (find_package):
[0.164s]   By not providing "Findcv_bridge.cmake" in CMAKE_MODULE_PATH this project
[0.164s]   has asked CMake to find a package configuration file provided by
[0.164s]   "cv_bridge", but CMake did not find one.
[0.164s] 
[0.164s]   Could not find a package configuration file provided by "cv_bridge" with
[0.164s]   any of the following names:
[0.164s] 
[0.164s]     cv_bridgeConfig.cmake
[0.164s]     cv_bridge-config.cmake
[0.164s] 
[0.164s]   Add the installation prefix of "cv_bridge" to CMAKE_PREFIX_PATH or set
[0.164s]   "cv_bridge_DIR" to a directory containing one of the above files.  If
[0.164s]   "cv_bridge" provides a separate development package or SDK, be sure it has
[0.164s]   been installed.
[0.164s] 
[0.164s] [0m
[0.164s] -- Configuring incomplete, errors occurred!
[0.164s] See also "/home/ohheemin/ros2_ws/src/rplidar_camera_calibration/build/rplidar_camera_calibration/CMakeFiles/CMakeOutput.log".
[0.167s] gmake: *** [Makefile:226: cmake_check_build_system] 오류 1
[0.169s] Invoked command in '/home/ohheemin/ros2_ws/src/rplidar_camera_calibration/build/rplidar_camera_calibration' returned '2': CMAKE_PREFIX_PATH=/opt/ros/humble /usr/bin/cmake --build /home/ohheemin/ros2_ws/src/rplidar_camera_calibration/build/rplidar_camera_calibration -- -j32 -l32
