[0.006s] Invoking command in '/home/ohheemin/ros2_ws/src/rplidar_camera_calibration/build/rplidar_camera_calibration': CMAKE_PREFIX_PATH=/opt/ros/humble /usr/bin/cmake /home/ohheemin/ros2_ws/src/rplidar_camera_calibration -DCMAKE_INSTALL_PREFIX=/home/ohheemin/ros2_ws/src/rplidar_camera_calibration/install/rplidar_camera_calibration
[0.063s] -- The C compiler identification is GNU 11.4.0
[0.106s] -- The CXX compiler identification is GNU 11.4.0
[0.112s] -- Detecting C compiler ABI info
[0.156s] -- Detecting C compiler ABI info - done
[0.160s] -- Check for working C compiler: /usr/bin/cc - skipped
[0.161s] -- Detecting C compile features
[0.161s] -- Detecting C compile features - done
[0.163s] -- Detecting CXX compiler ABI info
[0.212s] -- Detecting CXX compiler ABI info - done
[0.216s] -- Check for working CXX compiler: /usr/bin/c++ - skipped
[0.216s] -- Detecting CXX compile features
[0.216s] -- Detecting CXX compile features - done
[0.219s] -- Found ament_cmake: 1.3.11 (/opt/ros/humble/share/ament_cmake/cmake)
[0.304s] -- Found Python3: /usr/bin/python3 (found version "3.10.12") found components: Interpreter 
[0.356s] -- Found rclpy: 3.3.15 (/opt/ros/humble/share/rclpy/cmake)
[0.357s] -- Found sensor_msgs: 4.2.4 (/opt/ros/humble/share/sensor_msgs/cmake)
[0.379s] -- Found rosidl_generator_c: 3.1.6 (/opt/ros/humble/share/rosidl_generator_c/cmake)
[0.382s] -- Found rosidl_adapter: 3.1.6 (/opt/ros/humble/share/rosidl_adapter/cmake)
[0.387s] -- Found rosidl_generator_cpp: 3.1.6 (/opt/ros/humble/share/rosidl_generator_cpp/cmake)
[0.395s] -- Using all available rosidl_typesupport_c: rosidl_typesupport_fastrtps_c;rosidl_typesupport_introspection_c
[0.404s] -- Using all available rosidl_typesupport_cpp: rosidl_typesupport_fastrtps_cpp;rosidl_typesupport_introspection_cpp
[0.440s] -- Found cv_bridge: 3.2.1 (/opt/ros/humble/share/cv_bridge/cmake)
[0.447s] -- Found laser_geometry: 2.4.0 (/opt/ros/humble/share/laser_geometry/cmake)
[0.479s] -- Found rmw_implementation_cmake: 6.1.2 (/opt/ros/humble/share/rmw_implementation_cmake/cmake)
[0.481s] -- Found rmw_fastrtps_cpp: 6.2.7 (/opt/ros/humble/share/rmw_fastrtps_cpp/cmake)
[0.556s] -- Found OpenSSL: /usr/lib/x86_64-linux-gnu/libcrypto.so (found version "3.0.2")  
[0.572s] -- Found FastRTPS: /opt/ros/humble/include  
[0.599s] -- Using RMW implementation 'rmw_fastrtps_cpp' as default
[0.606s] -- Looking for pthread.h
[0.663s] -- Looking for pthread.h - found
[0.663s] -- Performing Test CMAKE_HAVE_LIBC_PTHREAD
[0.717s] -- Performing Test CMAKE_HAVE_LIBC_PTHREAD - Success
[0.717s] -- Found Threads: TRUE  
[0.794s] -- Configuring done
[0.798s] -- Generating done
[0.799s] -- Build files have been written to: /home/ohheemin/ros2_ws/src/rplidar_camera_calibration/build/rplidar_camera_calibration
[0.810s] Invoked command in '/home/ohheemin/ros2_ws/src/rplidar_camera_calibration/build/rplidar_camera_calibration' returned '0': CMAKE_PREFIX_PATH=/opt/ros/humble /usr/bin/cmake /home/ohheemin/ros2_ws/src/rplidar_camera_calibration -DCMAKE_INSTALL_PREFIX=/home/ohheemin/ros2_ws/src/rplidar_camera_calibration/install/rplidar_camera_calibration
[0.812s] Invoking command in '/home/ohheemin/ros2_ws/src/rplidar_camera_calibration/build/rplidar_camera_calibration': CMAKE_PREFIX_PATH=/opt/ros/humble /usr/bin/cmake --build /home/ohheemin/ros2_ws/src/rplidar_camera_calibration/build/rplidar_camera_calibration -- -j32 -l32
[0.845s] Invoked command in '/home/ohheemin/ros2_ws/src/rplidar_camera_calibration/build/rplidar_camera_calibration' returned '0': CMAKE_PREFIX_PATH=/opt/ros/humble /usr/bin/cmake --build /home/ohheemin/ros2_ws/src/rplidar_camera_calibration/build/rplidar_camera_calibration -- -j32 -l32
[0.853s] Invoking command in '/home/ohheemin/ros2_ws/src/rplidar_camera_calibration/build/rplidar_camera_calibration': CMAKE_PREFIX_PATH=/opt/ros/humble /usr/bin/cmake --install /home/ohheemin/ros2_ws/src/rplidar_camera_calibration/build/rplidar_camera_calibration
[0.859s] -- Install configuration: ""
[0.860s] -- Installing: /home/ohheemin/ros2_ws/src/rplidar_camera_calibration/install/rplidar_camera_calibration/lib/rplidar_camera_calibration/cam_cali.py
[0.860s] -- Installing: /home/ohheemin/ros2_ws/src/rplidar_camera_calibration/install/rplidar_camera_calibration/lib/rplidar_camera_calibration/camera.py
[0.860s] -- Installing: /home/ohheemin/ros2_ws/src/rplidar_camera_calibration/install/rplidar_camera_calibration/lib/rplidar_camera_calibration/lidar.py
[0.860s] -- Installing: /home/ohheemin/ros2_ws/src/rplidar_camera_calibration/install/rplidar_camera_calibration/lib/rplidar_camera_calibration/main.py
[0.860s] -- Installing: /home/ohheemin/ros2_ws/src/rplidar_camera_calibration/install/rplidar_camera_calibration/lib/rplidar_camera_calibration/yolo.py
[0.860s] -- Installing: /home/ohheemin/ros2_ws/src/rplidar_camera_calibration/install/rplidar_camera_calibration/share/ament_index/resource_index/package_run_dependencies/rplidar_camera_calibration
[0.860s] -- Installing: /home/ohheemin/ros2_ws/src/rplidar_camera_calibration/install/rplidar_camera_calibration/share/ament_index/resource_index/parent_prefix_path/rplidar_camera_calibration
[0.860s] -- Installing: /home/ohheemin/ros2_ws/src/rplidar_camera_calibration/install/rplidar_camera_calibration/share/rplidar_camera_calibration/environment/ament_prefix_path.sh
[0.860s] -- Installing: /home/ohheemin/ros2_ws/src/rplidar_camera_calibration/install/rplidar_camera_calibration/share/rplidar_camera_calibration/environment/ament_prefix_path.dsv
[0.860s] -- Installing: /home/ohheemin/ros2_ws/src/rplidar_camera_calibration/install/rplidar_camera_calibration/share/rplidar_camera_calibration/environment/path.sh
[0.861s] -- Installing: /home/ohheemin/ros2_ws/src/rplidar_camera_calibration/install/rplidar_camera_calibration/share/rplidar_camera_calibration/environment/path.dsv
[0.861s] -- Installing: /home/ohheemin/ros2_ws/src/rplidar_camera_calibration/install/rplidar_camera_calibration/share/rplidar_camera_calibration/local_setup.bash
[0.861s] -- Installing: /home/ohheemin/ros2_ws/src/rplidar_camera_calibration/install/rplidar_camera_calibration/share/rplidar_camera_calibration/local_setup.sh
[0.861s] -- Installing: /home/ohheemin/ros2_ws/src/rplidar_camera_calibration/install/rplidar_camera_calibration/share/rplidar_camera_calibration/local_setup.zsh
[0.861s] -- Installing: /home/ohheemin/ros2_ws/src/rplidar_camera_calibration/install/rplidar_camera_calibration/share/rplidar_camera_calibration/local_setup.dsv
[0.861s] -- Installing: /home/ohheemin/ros2_ws/src/rplidar_camera_calibration/install/rplidar_camera_calibration/share/rplidar_camera_calibration/package.dsv
[0.861s] -- Installing: /home/ohheemin/ros2_ws/src/rplidar_camera_calibration/install/rplidar_camera_calibration/share/ament_index/resource_index/packages/rplidar_camera_calibration
[0.861s] -- Installing: /home/ohheemin/ros2_ws/src/rplidar_camera_calibration/install/rplidar_camera_calibration/share/rplidar_camera_calibration/cmake/rplidar_camera_calibrationConfig.cmake
[0.861s] -- Installing: /home/ohheemin/ros2_ws/src/rplidar_camera_calibration/install/rplidar_camera_calibration/share/rplidar_camera_calibration/cmake/rplidar_camera_calibrationConfig-version.cmake
[0.861s] -- Installing: /home/ohheemin/ros2_ws/src/rplidar_camera_calibration/install/rplidar_camera_calibration/share/rplidar_camera_calibration/package.xml
[0.863s] Invoked command in '/home/ohheemin/ros2_ws/src/rplidar_camera_calibration/build/rplidar_camera_calibration' returned '0': CMAKE_PREFIX_PATH=/opt/ros/humble /usr/bin/cmake --install /home/ohheemin/ros2_ws/src/rplidar_camera_calibration/build/rplidar_camera_calibration
